<?xml version="1.0" encoding="UTF-8"?>
<!-- Generated by org.testng.reporters.JUnitReportReporter -->
<testsuite hostname="QT-INBG-LT0337" failures="0" tests="1" name="mw.main" time="27.618" errors="0" timestamp="2022-07-14T10:49:30 IST" skipped="0">
  <testcase classname="mw.main" name="me" time="27.618"/>
  <system-out/>
</testsuite> <!-- mw.main -->
