<?xml version="1.0" encoding="UTF-8"?>
<!-- Generated by org.testng.reporters.JUnitReportReporter -->
<testsuite hostname="QT-INBG-LT0337" failures="0" tests="1" name="latest_mobiles.latest_main" time="7.869" errors="0" timestamp="2022-07-22T10:24:33 IST" skipped="0">
  <testcase classname="latest_mobiles.latest_main" name="me" time="7.869"/>
  <system-out/>
</testsuite> <!-- latest_mobiles.latest_main -->
