<?xml version="1.0" encoding="UTF-8"?>
<!-- Generated by org.testng.reporters.JUnitReportReporter -->
<testsuite hostname="QT-INBG-LT0337" failures="0" tests="1" name="mw.signup_main" time="16.032" errors="0" timestamp="2022-07-26T20:12:22 IST" skipped="0">
  <testcase classname="mw.signup_main" name="main" time="16.032"/>
  <system-out/>
</testsuite> <!-- mw.signup_main -->
