<?xml version="1.0" encoding="UTF-8"?>
<!-- Generated by org.testng.reporters.JUnitReportReporter -->
<testsuite hostname="QT-INBG-LT0337" failures="0" tests="1" name="mw.login_main" time="12.382" errors="0" timestamp="2022-07-14T11:02:08 IST" skipped="0">
  <testcase classname="mw.login_main" name="me" time="12.382"/>
  <system-out/>
</testsuite> <!-- mw.login_main -->
